11
7
6
0
9
6
2
1
4
0
9
1
15
14
9
4
5
18
0
2
1
8
4
8
8
1
5
12
2
1
0
4
3
0
4
4
7
18
16
1
0
5
14
5
12
1
5
14
1
7
0
6
7
2
4
1
14
1
2
14
10
11
4
4
16
2
7
0
12
0
3
4
4
10
6
0
5
6
10
0
1
1
4
7
5
8
9
3
8
9
2
0
7
16
0
5
1
5
7
15
1
0
6
0
16
0
1
1
9
5
5
6
15
4
4
0
2
8
10
7
15
14
4
13
4
11
0
0
0
14
0
1
3
0
12
6
1
3
0
2
1
1
3
15
3
5
5
0
4
1
7
2
0
17
3
1
6
12
7
7
4
8
2
5
0
11
2
15
3
0
2
0
7
1
0
3
9
10
9
3
1
8
3
3
3
0
10
0
11
5
6
2
16
20
7
10
9
15
1
11
1
1
4
3
6
1
2
8
10
8
0
1
0
10
2
0
0
2
7
16
9
3
1
2
14
3
6
10
9
3
14
0
2
14
14
14
18
0
11
9
1
0
0
17
4
9
2
10
9
2
20
15
12
20
11
9
3
1
5
6
3
3
6
11
3
2
0
6
0
0
6
5
6
6
0
0
19
2
9
5
2
12
3
9
0
0
6
3
1
7
6
13
9
2
8
0
5
16
12
5
