GX-M-XXXXX
GX---XX.G.
.X-G-XX...
G..G--X...
..........
.G..XG.XS.
....X..X..

MMMXXXGGGXXXXXXXXXXXXXXXXXXXXX
MMMXXXGGGXXXXXXXXXXXXXXXXXXXXX
MMMXXXGGGXXXXXXXXXXXXXXXXXXXXX
---XXXGGGXXXGGG......XXX...SSS
---XXXGGGXXXGGG......XXX...SSS
---XXXGGGXXXGGG......XXX...SSS
---XXXGGGXXXXXXXXX............
---XXXGGGXXXXXXXXX............
---XXXGGGXXXXXXXXX............
------GGG@@@---XXXXXX@@@XXXXXX
------GGG@@@---XXXXXX@@@XXXXXX
------GGG@@@---XXXXXX@@@XXXXXX
.........@@@---...............
.........@@@---...............
.........@@@---...............
...GGG...@@@---......GGG......
...GGG...@@@---......GGG......
...GGG...@@@---......GGG......
.........@@@---...............
.........@@@---...............
.........@@@---...............

-M@@S..
.@.X...
G@-X..G
.X-X...
.X-X...
.X-X...

@@@MMM...@@@@@@@@@@@@
@@@MMM...@@@@@@@@@@@@
@@@MMM...@@@@@@@@@@@@
...@@@...XXX@@@@@@@@@
...@@@...XXX@@@@@@@@@
...@@@...XXX@@@@@@@@@
...@@@---XXX@@@@@@@@@
...@@@---XXX@@@@@@@@@
...@@@---XXX@@@@@@@@@
XXXXXXGGG............
XXXXXXGGG............
XXXXXXGGG............
XXXXXXXXXXXXXXXXXX...
XXXXXXXXXXXXXXXXXX...
XXXXXXXXXXXXXXXXXX...
XXXXXXXXXXXXSSS......
XXXXXXXXXXXXSSS......
XXXXXXXXXXXXSSS......

S.
X.
..
.X
.M

